{"C:\\Users\\Tom\\Documents\\School\\QUB - Year 4\\Software Engineering in Teams\\Submission2\\team11-frontend\\website\\src\\components\\LoadingClock.tsx": {"path":"C:\\Users\\Tom\\Documents\\School\\QUB - Year 4\\Software Engineering in Teams\\Submission2\\team11-frontend\\website\\src\\components\\LoadingClock.tsx","statementMap":{"0":{"start":{"line":1,"column":0},"end":{"line":1,"column":53}},"1":{"start":{"line":9,"column":26},"end":{"line":17,"column":1}},"2":{"start":{"line":9,"column":36},"end":{"line":9,"column":66}},"3":{"start":{"line":10,"column":4},"end":{"line":16,"column":null}},"4":{"start":{"line":19,"column":0},"end":{"line":19,"column":33}}},"fnMap":{"0":{"name":"(anonymous_1)","decl":{"start":{"line":9,"column":26},"end":{"line":9,"column":27}},"loc":{"start":{"line":9,"column":66},"end":{"line":17,"column":1}}}},"branchMap":{},"s":{"0":1,"1":1,"2":1,"3":1,"4":1},"f":{"0":1},"b":{}}
,"C:\\Users\\Tom\\Documents\\School\\QUB - Year 4\\Software Engineering in Teams\\Submission2\\team11-frontend\\website\\src\\config\\constants.ts": {"path":"C:\\Users\\Tom\\Documents\\School\\QUB - Year 4\\Software Engineering in Teams\\Submission2\\team11-frontend\\website\\src\\config\\constants.ts","statementMap":{"0":{"start":{"line":1,"column":19},"end":{"line":1,"column":87}},"1":{"start":{"line":4,"column":4},"end":{"line":4,"column":14}}},"fnMap":{},"branchMap":{},"s":{"0":1,"1":1},"f":{},"b":{}}
,"C:\\Users\\Tom\\Documents\\School\\QUB - Year 4\\Software Engineering in Teams\\Submission2\\team11-frontend\\website\\src\\pages\\Login.tsx": {"path":"C:\\Users\\Tom\\Documents\\School\\QUB - Year 4\\Software Engineering in Teams\\Submission2\\team11-frontend\\website\\src\\pages\\Login.tsx","statementMap":{"0":{"start":{"line":1,"column":0},"end":{"line":1,"column":44}},"1":{"start":{"line":3,"column":0},"end":{"line":3,"column":56}},"2":{"start":{"line":4,"column":0},"end":{"line":4,"column":47}},"3":{"start":{"line":8,"column":14},"end":{"line":64,"column":1}},"4":{"start":{"line":9,"column":30},"end":{"line":9,"column":42}},"5":{"start":{"line":9,"column":16},"end":{"line":9,"column":18}},"6":{"start":{"line":9,"column":26},"end":{"line":9,"column":30}},"7":{"start":{"line":10,"column":28},"end":{"line":10,"column":40}},"8":{"start":{"line":10,"column":15},"end":{"line":10,"column":17}},"9":{"start":{"line":10,"column":24},"end":{"line":10,"column":28}},"10":{"start":{"line":12,"column":21},"end":{"line":12,"column":34}},"11":{"start":{"line":14,"column":22},"end":{"line":16,"column":null}},"12":{"start":{"line":15,"column":8},"end":{"line":15,"column":80}},"13":{"start":{"line":15,"column":58},"end":{"line":15,"column":78}},"14":{"start":{"line":18,"column":4},"end":{"line":20,"column":11}},"15":{"start":{"line":19,"column":8},"end":{"line":19,"column":20}},"16":{"start":{"line":22,"column":27},"end":{"line":24,"column":5}},"17":{"start":{"line":23,"column":8},"end":{"line":23,"column":30}},"18":{"start":{"line":26,"column":24},"end":{"line":40,"column":5}},"19":{"start":{"line":27,"column":8},"end":{"line":39,"column":19}},"20":{"start":{"line":29,"column":29},"end":{"line":29,"column":47}},"21":{"start":{"line":30,"column":16},"end":{"line":32,"column":null}},"22":{"start":{"line":31,"column":20},"end":{"line":31,"column":38}},"23":{"start":{"line":37,"column":20},"end":{"line":37,"column":37}},"24":{"start":{"line":38,"column":20},"end":{"line":38,"column":43}},"25":{"start":{"line":42,"column":4},"end":{"line":63,"column":null}},"26":{"start":{"line":52,"column":27},"end":{"line":52,"column":52}},"27":{"start":{"line":56,"column":27},"end":{"line":56,"column":52}},"28":{"start":{"line":67,"column":0},"end":{"line":67,"column":21}}},"fnMap":{"0":{"name":"(anonymous_16)","decl":{"start":{"line":8,"column":14},"end":{"line":8,"column":null}},"loc":{"start":{"line":8,"column":14},"end":{"line":64,"column":1}}},"1":{"name":"(anonymous_17)","decl":{"start":{"line":14,"column":22},"end":{"line":14,"column":null}},"loc":{"start":{"line":14,"column":22},"end":{"line":16,"column":null}}},"2":{"name":"(anonymous_20)","decl":{"start":{"line":15,"column":46},"end":{"line":15,"column":47}},"loc":{"start":{"line":15,"column":52},"end":{"line":15,"column":78}}},"3":{"name":"(anonymous_21)","decl":{"start":{"line":18,"column":14},"end":{"line":18,"column":null}},"loc":{"start":{"line":18,"column":14},"end":{"line":20,"column":5}}},"4":{"name":"(anonymous_22)","decl":{"start":{"line":22,"column":27},"end":{"line":22,"column":null}},"loc":{"start":{"line":22,"column":27},"end":{"line":24,"column":5}}},"5":{"name":"(anonymous_23)","decl":{"start":{"line":26,"column":24},"end":{"line":26,"column":null}},"loc":{"start":{"line":26,"column":24},"end":{"line":40,"column":5}}},"6":{"name":"(anonymous_24)","decl":{"start":{"line":28,"column":18},"end":{"line":28,"column":19}},"loc":{"start":{"line":28,"column":29},"end":{"line":33,"column":13}}},"7":{"name":"(anonymous_25)","decl":{"start":{"line":35,"column":16},"end":{"line":35,"column":17}},"loc":{"start":{"line":35,"column":25},"end":{"line":39,"column":17}}},"8":{"name":"(anonymous_26)","decl":{"start":{"line":52,"column":20},"end":{"line":52,"column":21}},"loc":{"start":{"line":52,"column":22},"end":{"line":52,"column":35}}},"9":{"name":"(anonymous_27)","decl":{"start":{"line":56,"column":20},"end":{"line":56,"column":21}},"loc":{"start":{"line":56,"column":22},"end":{"line":56,"column":34}}}},"branchMap":{"0":{"loc":{"start":{"line":15,"column":8},"end":{"line":15,"column":80}},"type":"switch","locations":[{"start":{"line":15,"column":8},"end":{"line":15,"column":80}}]},"1":{"loc":{"start":{"line":30,"column":16},"end":{"line":32,"column":null}},"type":"if","locations":[{"start":{"line":30,"column":16},"end":{"line":32,"column":null}}]}},"s":{"0":1,"1":1,"2":1,"3":1,"4":1,"5":1,"6":1,"7":1,"8":1,"9":1,"10":1,"11":2,"12":1,"13":0,"14":1,"15":1,"16":1,"17":0,"18":1,"19":0,"20":0,"21":0,"22":0,"23":0,"24":0,"25":1,"26":0,"27":0,"28":1},"f":{"0":1,"1":2,"2":0,"3":1,"4":0,"5":0,"6":0,"7":0,"8":0,"9":0},"b":{"0":[1],"1":[0]}}
,"C:\\Users\\Tom\\Documents\\School\\QUB - Year 4\\Software Engineering in Teams\\Submission2\\team11-frontend\\website\\src\\services\\backend-service.ts": {"path":"C:\\Users\\Tom\\Documents\\School\\QUB - Year 4\\Software Engineering in Teams\\Submission2\\team11-frontend\\website\\src\\services\\backend-service.ts","statementMap":{"0":{"start":{"line":1,"column":0},"end":{"line":1,"column":48}},"1":{"start":{"line":2,"column":0},"end":{"line":2,"column":26}},"2":{"start":{"line":4,"column":0},"end":{"line":4,"column":null}},"3":{"start":{"line":5,"column":2},"end":{"line":8,"column":null}},"4":{"start":{"line":5,"column":14},"end":{"line":8,"column":null}},"5":{"start":{"line":6,"column":11},"end":{"line":7,"column":null}},"6":{"start":{"line":6,"column":4},"end":{"line":7,"column":null}},"7":{"start":{"line":10,"column":2},"end":{"line":21,"column":4}},"8":{"start":{"line":12,"column":20},"end":{"line":21,"column":4}},"9":{"start":{"line":14,"column":10},"end":{"line":17,"column":6}},"10":{"start":{"line":18,"column":11},"end":{"line":20,"column":6}},"11":{"start":{"line":18,"column":4},"end":{"line":20,"column":6}},"12":{"start":{"line":23,"column":2},"end":{"line":38,"column":null}},"13":{"start":{"line":28,"column":17},"end":{"line":38,"column":null}},"14":{"start":{"line":30,"column":11},"end":{"line":37,"column":9}},"15":{"start":{"line":30,"column":4},"end":{"line":37,"column":9}},"16":{"start":{"line":39,"column":0},"end":{"line":39,"column":null}},"17":{"start":{"line":41,"column":23},"end":{"line":41,"column":48}},"18":{"start":{"line":44,"column":0},"end":{"line":44,"column":null}}},"fnMap":{"0":{"name":"(anonymous_14)","decl":{"start":{"line":4,"column":0},"end":{"line":4,"column":null}},"loc":{"start":{"line":4,"column":0},"end":{"line":39,"column":null}}},"1":{"name":"(anonymous_16)","decl":{"start":{"line":5,"column":14},"end":{"line":5,"column":null}},"loc":{"start":{"line":5,"column":14},"end":{"line":8,"column":null}}},"2":{"name":"(anonymous_19)","decl":{"start":{"line":10,"column":14},"end":{"line":10,"column":null}},"loc":{"start":{"line":12,"column":20},"end":{"line":21,"column":4}}},"3":{"name":"(anonymous_20)","decl":{"start":{"line":12,"column":20},"end":{"line":12,"column":null}},"loc":{"start":{"line":12,"column":20},"end":{"line":21,"column":4}}},"4":{"name":"(anonymous_22)","decl":{"start":{"line":23,"column":17},"end":{"line":23,"column":null}},"loc":{"start":{"line":28,"column":17},"end":{"line":38,"column":null}}},"5":{"name":"(anonymous_23)","decl":{"start":{"line":28,"column":17},"end":{"line":28,"column":null}},"loc":{"start":{"line":28,"column":17},"end":{"line":38,"column":null}}}},"branchMap":{"0":{"loc":{"start":{"line":6,"column":11},"end":{"line":7,"column":null}},"type":"switch","locations":[{"start":{"line":6,"column":11},"end":{"line":7,"column":null}},{"start":{"line":6,"column":4},"end":{"line":7,"column":null}}]},"1":{"loc":{"start":{"line":18,"column":4},"end":{"line":20,"column":6}},"type":"switch","locations":[{"start":{"line":18,"column":4},"end":{"line":20,"column":6}}]},"2":{"loc":{"start":{"line":30,"column":11},"end":{"line":37,"column":9}},"type":"switch","locations":[{"start":{"line":30,"column":11},"end":{"line":37,"column":9}},{"start":{"line":30,"column":4},"end":{"line":37,"column":9}}]}},"s":{"0":1,"1":1,"2":2,"3":1,"4":1,"5":1,"6":0,"7":1,"8":0,"9":0,"10":0,"11":0,"12":1,"13":0,"14":0,"15":0,"16":1,"17":1,"18":1},"f":{"0":2,"1":2,"2":0,"3":0,"4":0,"5":0},"b":{"0":[1,0],"1":[0],"2":[0,0]}}
}
