{"C:\\Users\\Tom\\Documents\\School\\QUB - Year 4\\Software Engineering in Teams\\Submission2\\team11-frontend\\website\\src\\components\\DropDownMenu\\DropDownMenu.tsx": {"path":"C:\\Users\\Tom\\Documents\\School\\QUB - Year 4\\Software Engineering in Teams\\Submission2\\team11-frontend\\website\\src\\components\\DropDownMenu\\DropDownMenu.tsx","statementMap":{"0":{"start":{"line":1,"column":0},"end":{"line":1,"column":58}},"1":{"start":{"line":13,"column":21},"end":{"line":52,"column":1}},"2":{"start":{"line":14,"column":14},"end":{"line":14,"column":null}},"3":{"start":{"line":15,"column":10},"end":{"line":15,"column":null}},"4":{"start":{"line":16,"column":21},"end":{"line":16,"column":null}},"5":{"start":{"line":18,"column":2},"end":{"line":51,"column":null}},"6":{"start":{"line":35,"column":43},"end":{"line":49,"column":8}},"7":{"start":{"line":54,"column":0},"end":{"line":54,"column":null}}},"fnMap":{"0":{"name":"(anonymous_2)","decl":{"start":{"line":13,"column":21},"end":{"line":13,"column":22}},"loc":{"start":{"line":17,"column":24},"end":{"line":52,"column":1}}},"1":{"name":"(anonymous_3)","decl":{"start":{"line":35,"column":20},"end":{"line":35,"column":21}},"loc":{"start":{"line":35,"column":38},"end":{"line":35,"column":null}}}},"branchMap":{},"s":{"0":2,"1":2,"2":9,"3":9,"4":9,"5":9,"6":27,"7":2},"f":{"0":9,"1":27},"b":{}}
,"C:\\Users\\Tom\\Documents\\School\\QUB - Year 4\\Software Engineering in Teams\\Submission2\\team11-frontend\\website\\src\\components\\LoadingClock\\LoadingClock.tsx": {"path":"C:\\Users\\Tom\\Documents\\School\\QUB - Year 4\\Software Engineering in Teams\\Submission2\\team11-frontend\\website\\src\\components\\LoadingClock\\LoadingClock.tsx","statementMap":{"0":{"start":{"line":1,"column":0},"end":{"line":1,"column":52}},"1":{"start":{"line":7,"column":26},"end":{"line":9,"column":1}},"2":{"start":{"line":7,"column":36},"end":{"line":7,"column":66}},"3":{"start":{"line":8,"column":2},"end":{"line":8,"column":null}},"4":{"start":{"line":11,"column":0},"end":{"line":11,"column":null}}},"fnMap":{"0":{"name":"(anonymous_1)","decl":{"start":{"line":7,"column":26},"end":{"line":7,"column":27}},"loc":{"start":{"line":7,"column":66},"end":{"line":9,"column":1}}}},"branchMap":{},"s":{"0":1,"1":1,"2":1,"3":1,"4":1},"f":{"0":1},"b":{}}
,"C:\\Users\\Tom\\Documents\\School\\QUB - Year 4\\Software Engineering in Teams\\Submission2\\team11-frontend\\website\\src\\components\\TitleBar\\TitleBar.tsx": {"path":"C:\\Users\\Tom\\Documents\\School\\QUB - Year 4\\Software Engineering in Teams\\Submission2\\team11-frontend\\website\\src\\components\\TitleBar\\TitleBar.tsx","statementMap":{"0":{"start":{"line":1,"column":0},"end":{"line":1,"column":41}},"1":{"start":{"line":2,"column":0},"end":{"line":2,"column":35}},"2":{"start":{"line":3,"column":0},"end":{"line":3,"column":43}},"3":{"start":{"line":4,"column":0},"end":{"line":4,"column":49}},"4":{"start":{"line":5,"column":0},"end":{"line":5,"column":49}},"5":{"start":{"line":6,"column":0},"end":{"line":6,"column":23}},"6":{"start":{"line":7,"column":0},"end":{"line":7,"column":47}},"7":{"start":{"line":8,"column":0},"end":{"line":8,"column":49}},"8":{"start":{"line":10,"column":21},"end":{"line":39,"column":1}},"9":{"start":{"line":10,"column":32},"end":{"line":10,"column":39}},"10":{"start":{"line":11,"column":2},"end":{"line":38,"column":null}},"11":{"start":{"line":41,"column":0},"end":{"line":41,"column":null}}},"fnMap":{"0":{"name":"(anonymous_3)","decl":{"start":{"line":10,"column":21},"end":{"line":10,"column":22}},"loc":{"start":{"line":10,"column":39},"end":{"line":39,"column":1}}}},"branchMap":{},"s":{"0":2,"1":2,"2":2,"3":2,"4":2,"5":2,"6":2,"7":2,"8":2,"9":4,"10":4,"11":2},"f":{"0":4},"b":{}}
,"C:\\Users\\Tom\\Documents\\School\\QUB - Year 4\\Software Engineering in Teams\\Submission2\\team11-frontend\\website\\src\\components\\TitleBar\\TitleBarDropDown.tsx": {"path":"C:\\Users\\Tom\\Documents\\School\\QUB - Year 4\\Software Engineering in Teams\\Submission2\\team11-frontend\\website\\src\\components\\TitleBar\\TitleBarDropDown.tsx","statementMap":{"0":{"start":{"line":1,"column":0},"end":{"line":1,"column":42}},"1":{"start":{"line":2,"column":0},"end":{"line":2,"column":47}},"2":{"start":{"line":3,"column":0},"end":{"line":3,"column":32}},"3":{"start":{"line":4,"column":0},"end":{"line":4,"column":55}},"4":{"start":{"line":5,"column":0},"end":{"line":5,"column":46}},"5":{"start":{"line":7,"column":25},"end":{"line":63,"column":1}},"6":{"start":{"line":8,"column":42},"end":{"line":8,"column":76}},"7":{"start":{"line":8,"column":21},"end":{"line":8,"column":23}},"8":{"start":{"line":8,"column":38},"end":{"line":8,"column":42}},"9":{"start":{"line":10,"column":19},"end":{"line":10,"column":32}},"10":{"start":{"line":12,"column":19},"end":{"line":31,"column":null}},"11":{"start":{"line":16,"column":8},"end":{"line":16,"column":null}},"12":{"start":{"line":22,"column":8},"end":{"line":22,"column":null}},"13":{"start":{"line":28,"column":8},"end":{"line":28,"column":null}},"14":{"start":{"line":33,"column":29},"end":{"line":39,"column":3}},"15":{"start":{"line":34,"column":4},"end":{"line":38,"column":null}},"16":{"start":{"line":35,"column":6},"end":{"line":35,"column":null}},"17":{"start":{"line":37,"column":6},"end":{"line":37,"column":null}},"18":{"start":{"line":41,"column":30},"end":{"line":43,"column":3}},"19":{"start":{"line":42,"column":4},"end":{"line":42,"column":null}},"20":{"start":{"line":45,"column":2},"end":{"line":62,"column":null}},"21":{"start":{"line":65,"column":0},"end":{"line":65,"column":null}}},"fnMap":{"0":{"name":"(anonymous_3)","decl":{"start":{"line":7,"column":25},"end":{"line":7,"column":null}},"loc":{"start":{"line":7,"column":25},"end":{"line":63,"column":1}}},"1":{"name":"(anonymous_4)","decl":{"start":{"line":15,"column":22},"end":{"line":15,"column":null}},"loc":{"start":{"line":15,"column":22},"end":{"line":17,"column":7}}},"2":{"name":"(anonymous_5)","decl":{"start":{"line":21,"column":22},"end":{"line":21,"column":null}},"loc":{"start":{"line":21,"column":22},"end":{"line":23,"column":7}}},"3":{"name":"(anonymous_6)","decl":{"start":{"line":27,"column":22},"end":{"line":27,"column":null}},"loc":{"start":{"line":27,"column":22},"end":{"line":29,"column":7}}},"4":{"name":"(anonymous_7)","decl":{"start":{"line":33,"column":29},"end":{"line":33,"column":30}},"loc":{"start":{"line":33,"column":66},"end":{"line":39,"column":3}}},"5":{"name":"(anonymous_8)","decl":{"start":{"line":41,"column":30},"end":{"line":41,"column":null}},"loc":{"start":{"line":41,"column":30},"end":{"line":43,"column":3}}}},"branchMap":{"0":{"loc":{"start":{"line":34,"column":4},"end":{"line":38,"column":null}},"type":"if","locations":[{"start":{"line":34,"column":4},"end":{"line":38,"column":null}},{"start":{"line":36,"column":11},"end":{"line":38,"column":null}}]}},"s":{"0":2,"1":2,"2":2,"3":2,"4":2,"5":2,"6":9,"7":9,"8":9,"9":9,"10":9,"11":1,"12":1,"13":1,"14":9,"15":5,"16":2,"17":3,"18":9,"19":5,"20":9,"21":2},"f":{"0":9,"1":1,"2":1,"3":1,"4":5,"5":5},"b":{"0":[2,3]}}
,"C:\\Users\\Tom\\Documents\\School\\QUB - Year 4\\Software Engineering in Teams\\Submission2\\team11-frontend\\website\\src\\config\\constants.ts": {"path":"C:\\Users\\Tom\\Documents\\School\\QUB - Year 4\\Software Engineering in Teams\\Submission2\\team11-frontend\\website\\src\\config\\constants.ts","statementMap":{"0":{"start":{"line":2,"column":2},"end":{"line":2,"column":70}},"1":{"start":{"line":4,"column":9},"end":{"line":4,"column":19}}},"fnMap":{},"branchMap":{},"s":{"0":2,"1":2},"f":{},"b":{}}
,"C:\\Users\\Tom\\Documents\\School\\QUB - Year 4\\Software Engineering in Teams\\Submission2\\team11-frontend\\website\\src\\pages\\Login.tsx": {"path":"C:\\Users\\Tom\\Documents\\School\\QUB - Year 4\\Software Engineering in Teams\\Submission2\\team11-frontend\\website\\src\\pages\\Login.tsx","statementMap":{"0":{"start":{"line":1,"column":0},"end":{"line":1,"column":43}},"1":{"start":{"line":2,"column":0},"end":{"line":2,"column":56}},"2":{"start":{"line":3,"column":0},"end":{"line":3,"column":46}},"3":{"start":{"line":6,"column":14},"end":{"line":63,"column":1}},"4":{"start":{"line":7,"column":28},"end":{"line":7,"column":40}},"5":{"start":{"line":7,"column":14},"end":{"line":7,"column":16}},"6":{"start":{"line":7,"column":24},"end":{"line":7,"column":28}},"7":{"start":{"line":8,"column":26},"end":{"line":8,"column":38}},"8":{"start":{"line":8,"column":13},"end":{"line":8,"column":15}},"9":{"start":{"line":8,"column":22},"end":{"line":8,"column":26}},"10":{"start":{"line":10,"column":19},"end":{"line":10,"column":32}},"11":{"start":{"line":12,"column":25},"end":{"line":14,"column":3}},"12":{"start":{"line":13,"column":4},"end":{"line":13,"column":null}},"13":{"start":{"line":16,"column":22},"end":{"line":28,"column":3}},"14":{"start":{"line":17,"column":4},"end":{"line":27,"column":null}},"15":{"start":{"line":19,"column":21},"end":{"line":19,"column":39}},"16":{"start":{"line":20,"column":8},"end":{"line":22,"column":null}},"17":{"start":{"line":21,"column":10},"end":{"line":21,"column":null}},"18":{"start":{"line":25,"column":8},"end":{"line":25,"column":null}},"19":{"start":{"line":26,"column":8},"end":{"line":26,"column":null}},"20":{"start":{"line":30,"column":2},"end":{"line":62,"column":null}},"21":{"start":{"line":38,"column":25},"end":{"line":38,"column":null}},"22":{"start":{"line":48,"column":25},"end":{"line":48,"column":null}},"23":{"start":{"line":65,"column":0},"end":{"line":65,"column":null}}},"fnMap":{"0":{"name":"(anonymous_3)","decl":{"start":{"line":6,"column":14},"end":{"line":6,"column":null}},"loc":{"start":{"line":6,"column":14},"end":{"line":63,"column":1}}},"1":{"name":"(anonymous_4)","decl":{"start":{"line":12,"column":25},"end":{"line":12,"column":null}},"loc":{"start":{"line":12,"column":25},"end":{"line":14,"column":3}}},"2":{"name":"(anonymous_5)","decl":{"start":{"line":16,"column":22},"end":{"line":16,"column":null}},"loc":{"start":{"line":16,"column":22},"end":{"line":28,"column":3}}},"3":{"name":"(anonymous_6)","decl":{"start":{"line":18,"column":12},"end":{"line":18,"column":13}},"loc":{"start":{"line":18,"column":23},"end":{"line":23,"column":7}}},"4":{"name":"(anonymous_7)","decl":{"start":{"line":24,"column":13},"end":{"line":24,"column":14}},"loc":{"start":{"line":24,"column":22},"end":{"line":27,"column":7}}},"5":{"name":"(anonymous_8)","decl":{"start":{"line":38,"column":18},"end":{"line":38,"column":19}},"loc":{"start":{"line":38,"column":20},"end":{"line":38,"column":33}}},"6":{"name":"(anonymous_9)","decl":{"start":{"line":48,"column":18},"end":{"line":48,"column":19}},"loc":{"start":{"line":48,"column":20},"end":{"line":48,"column":32}}}},"branchMap":{"0":{"loc":{"start":{"line":20,"column":8},"end":{"line":22,"column":null}},"type":"if","locations":[{"start":{"line":20,"column":8},"end":{"line":22,"column":null}}]}},"s":{"0":1,"1":1,"2":1,"3":1,"4":5,"5":5,"6":5,"7":5,"8":5,"9":5,"10":5,"11":5,"12":1,"13":5,"14":1,"15":1,"16":0,"17":0,"18":1,"19":1,"20":5,"21":1,"22":1,"23":1},"f":{"0":5,"1":1,"2":1,"3":1,"4":1,"5":1,"6":1},"b":{"0":[0]}}
,"C:\\Users\\Tom\\Documents\\School\\QUB - Year 4\\Software Engineering in Teams\\Submission2\\team11-frontend\\website\\src\\pages\\Register.tsx": {"path":"C:\\Users\\Tom\\Documents\\School\\QUB - Year 4\\Software Engineering in Teams\\Submission2\\team11-frontend\\website\\src\\pages\\Register.tsx","statementMap":{"0":{"start":{"line":1,"column":0},"end":{"line":1,"column":32}},"1":{"start":{"line":2,"column":0},"end":{"line":2,"column":19}},"2":{"start":{"line":3,"column":0},"end":{"line":3,"column":46}},"3":{"start":{"line":4,"column":0},"end":{"line":4,"column":56}},"4":{"start":{"line":6,"column":17},"end":{"line":99,"column":1}},"5":{"start":{"line":7,"column":28},"end":{"line":7,"column":40}},"6":{"start":{"line":7,"column":14},"end":{"line":7,"column":16}},"7":{"start":{"line":7,"column":24},"end":{"line":7,"column":28}},"8":{"start":{"line":8,"column":26},"end":{"line":8,"column":38}},"9":{"start":{"line":8,"column":13},"end":{"line":8,"column":15}},"10":{"start":{"line":8,"column":22},"end":{"line":8,"column":26}},"11":{"start":{"line":9,"column":36},"end":{"line":9,"column":48}},"12":{"start":{"line":9,"column":18},"end":{"line":9,"column":20}},"13":{"start":{"line":9,"column":32},"end":{"line":9,"column":36}},"14":{"start":{"line":10,"column":34},"end":{"line":10,"column":46}},"15":{"start":{"line":10,"column":17},"end":{"line":10,"column":19}},"16":{"start":{"line":10,"column":30},"end":{"line":10,"column":34}},"17":{"start":{"line":11,"column":34},"end":{"line":11,"column":46}},"18":{"start":{"line":11,"column":17},"end":{"line":11,"column":19}},"19":{"start":{"line":11,"column":30},"end":{"line":11,"column":34}},"20":{"start":{"line":13,"column":19},"end":{"line":13,"column":32}},"21":{"start":{"line":15,"column":22},"end":{"line":31,"column":null}},"22":{"start":{"line":16,"column":4},"end":{"line":30,"column":null}},"23":{"start":{"line":24,"column":8},"end":{"line":24,"column":null}},"24":{"start":{"line":25,"column":8},"end":{"line":25,"column":null}},"25":{"start":{"line":28,"column":8},"end":{"line":28,"column":null}},"26":{"start":{"line":29,"column":8},"end":{"line":29,"column":null}},"27":{"start":{"line":33,"column":23},"end":{"line":35,"column":3}},"28":{"start":{"line":34,"column":4},"end":{"line":34,"column":null}},"29":{"start":{"line":37,"column":2},"end":{"line":98,"column":null}},"30":{"start":{"line":47,"column":27},"end":{"line":47,"column":null}},"31":{"start":{"line":56,"column":27},"end":{"line":56,"column":null}},"32":{"start":{"line":64,"column":27},"end":{"line":64,"column":null}},"33":{"start":{"line":75,"column":27},"end":{"line":75,"column":null}},"34":{"start":{"line":83,"column":27},"end":{"line":83,"column":null}},"35":{"start":{"line":101,"column":0},"end":{"line":101,"column":null}}},"fnMap":{"0":{"name":"(anonymous_16)","decl":{"start":{"line":6,"column":17},"end":{"line":6,"column":null}},"loc":{"start":{"line":6,"column":17},"end":{"line":99,"column":1}}},"1":{"name":"(anonymous_17)","decl":{"start":{"line":15,"column":22},"end":{"line":15,"column":null}},"loc":{"start":{"line":15,"column":22},"end":{"line":31,"column":null}}},"2":{"name":"(anonymous_20)","decl":{"start":{"line":23,"column":12},"end":{"line":23,"column":13}},"loc":{"start":{"line":23,"column":21},"end":{"line":26,"column":7}}},"3":{"name":"(anonymous_21)","decl":{"start":{"line":27,"column":13},"end":{"line":27,"column":14}},"loc":{"start":{"line":27,"column":22},"end":{"line":30,"column":7}}},"4":{"name":"(anonymous_22)","decl":{"start":{"line":33,"column":23},"end":{"line":33,"column":null}},"loc":{"start":{"line":33,"column":23},"end":{"line":35,"column":3}}},"5":{"name":"(anonymous_23)","decl":{"start":{"line":47,"column":20},"end":{"line":47,"column":21}},"loc":{"start":{"line":47,"column":22},"end":{"line":47,"column":39}}},"6":{"name":"(anonymous_24)","decl":{"start":{"line":56,"column":20},"end":{"line":56,"column":21}},"loc":{"start":{"line":56,"column":22},"end":{"line":56,"column":38}}},"7":{"name":"(anonymous_25)","decl":{"start":{"line":64,"column":20},"end":{"line":64,"column":21}},"loc":{"start":{"line":64,"column":22},"end":{"line":64,"column":35}}},"8":{"name":"(anonymous_26)","decl":{"start":{"line":75,"column":20},"end":{"line":75,"column":21}},"loc":{"start":{"line":75,"column":22},"end":{"line":75,"column":38}}},"9":{"name":"(anonymous_27)","decl":{"start":{"line":83,"column":20},"end":{"line":83,"column":21}},"loc":{"start":{"line":83,"column":22},"end":{"line":83,"column":34}}}},"branchMap":{"0":{"loc":{"start":{"line":16,"column":4},"end":{"line":30,"column":null}},"type":"switch","locations":[{"start":{"line":16,"column":4},"end":{"line":30,"column":null}}]}},"s":{"0":1,"1":1,"2":1,"3":1,"4":1,"5":1,"6":1,"7":1,"8":1,"9":1,"10":1,"11":1,"12":1,"13":1,"14":1,"15":1,"16":1,"17":1,"18":1,"19":1,"20":1,"21":1,"22":0,"23":0,"24":0,"25":0,"26":0,"27":1,"28":0,"29":1,"30":0,"31":0,"32":0,"33":0,"34":0,"35":1},"f":{"0":1,"1":0,"2":0,"3":0,"4":0,"5":0,"6":0,"7":0,"8":0,"9":0},"b":{"0":[0]}}
,"C:\\Users\\Tom\\Documents\\School\\QUB - Year 4\\Software Engineering in Teams\\Submission2\\team11-frontend\\website\\src\\services\\backend-service.ts": {"path":"C:\\Users\\Tom\\Documents\\School\\QUB - Year 4\\Software Engineering in Teams\\Submission2\\team11-frontend\\website\\src\\services\\backend-service.ts","statementMap":{"0":{"start":{"line":1,"column":0},"end":{"line":1,"column":48}},"1":{"start":{"line":2,"column":0},"end":{"line":2,"column":25}},"2":{"start":{"line":4,"column":0},"end":{"line":4,"column":null}},"3":{"start":{"line":5,"column":2},"end":{"line":7,"column":null}},"4":{"start":{"line":5,"column":14},"end":{"line":7,"column":null}},"5":{"start":{"line":6,"column":11},"end":{"line":6,"column":null}},"6":{"start":{"line":6,"column":4},"end":{"line":6,"column":null}},"7":{"start":{"line":9,"column":2},"end":{"line":17,"column":null}},"8":{"start":{"line":9,"column":52},"end":{"line":17,"column":null}},"9":{"start":{"line":10,"column":10},"end":{"line":13,"column":null}},"10":{"start":{"line":14,"column":11},"end":{"line":16,"column":null}},"11":{"start":{"line":14,"column":4},"end":{"line":16,"column":null}},"12":{"start":{"line":19,"column":2},"end":{"line":33,"column":null}},"13":{"start":{"line":24,"column":17},"end":{"line":33,"column":null}},"14":{"start":{"line":26,"column":11},"end":{"line":32,"column":null}},"15":{"start":{"line":26,"column":4},"end":{"line":32,"column":null}},"16":{"start":{"line":34,"column":0},"end":{"line":34,"column":null}},"17":{"start":{"line":36,"column":23},"end":{"line":36,"column":48}},"18":{"start":{"line":39,"column":0},"end":{"line":39,"column":null}}},"fnMap":{"0":{"name":"(anonymous_14)","decl":{"start":{"line":4,"column":0},"end":{"line":4,"column":null}},"loc":{"start":{"line":4,"column":0},"end":{"line":34,"column":null}}},"1":{"name":"(anonymous_16)","decl":{"start":{"line":5,"column":14},"end":{"line":5,"column":null}},"loc":{"start":{"line":5,"column":14},"end":{"line":7,"column":null}}},"2":{"name":"(anonymous_19)","decl":{"start":{"line":9,"column":14},"end":{"line":9,"column":21}},"loc":{"start":{"line":9,"column":52},"end":{"line":17,"column":null}}},"3":{"name":"(anonymous_20)","decl":{"start":{"line":9,"column":52},"end":{"line":9,"column":null}},"loc":{"start":{"line":9,"column":52},"end":{"line":17,"column":null}}},"4":{"name":"(anonymous_22)","decl":{"start":{"line":19,"column":17},"end":{"line":19,"column":null}},"loc":{"start":{"line":24,"column":17},"end":{"line":33,"column":null}}},"5":{"name":"(anonymous_23)","decl":{"start":{"line":24,"column":17},"end":{"line":24,"column":null}},"loc":{"start":{"line":24,"column":17},"end":{"line":33,"column":null}}}},"branchMap":{"0":{"loc":{"start":{"line":6,"column":11},"end":{"line":6,"column":null}},"type":"switch","locations":[{"start":{"line":6,"column":11},"end":{"line":6,"column":null}},{"start":{"line":6,"column":4},"end":{"line":6,"column":null}}]},"1":{"loc":{"start":{"line":14,"column":4},"end":{"line":16,"column":null}},"type":"switch","locations":[{"start":{"line":14,"column":4},"end":{"line":16,"column":null}}]},"2":{"loc":{"start":{"line":26,"column":11},"end":{"line":32,"column":null}},"type":"switch","locations":[{"start":{"line":26,"column":11},"end":{"line":32,"column":null}},{"start":{"line":26,"column":4},"end":{"line":32,"column":null}}]}},"s":{"0":2,"1":2,"2":4,"3":2,"4":0,"5":0,"6":0,"7":2,"8":1,"9":1,"10":1,"11":1,"12":2,"13":0,"14":0,"15":0,"16":2,"17":2,"18":2},"f":{"0":4,"1":0,"2":1,"3":1,"4":0,"5":0},"b":{"0":[0,0],"1":[1],"2":[0,0]}}
}
