TN:
SF:src\components\LoadingClock.tsx
FN:9,(anonymous_1)
FNF:1
FNH:1
FNDA:1,(anonymous_1)
DA:1,1
DA:9,1
DA:10,1
DA:19,1
LF:4
LH:4
BRF:0
BRH:0
end_of_record
TN:
SF:src\config\constants.ts
FNF:0
FNH:0
DA:1,1
DA:4,1
LF:2
LH:2
BRF:0
BRH:0
end_of_record
TN:
SF:src\pages\Login.tsx
FN:8,(anonymous_16)
FN:14,(anonymous_17)
FN:15,(anonymous_20)
FN:18,(anonymous_21)
FN:22,(anonymous_22)
FN:26,(anonymous_23)
FN:28,(anonymous_24)
FN:35,(anonymous_25)
FN:52,(anonymous_26)
FN:56,(anonymous_27)
FNF:10
FNH:3
FNDA:1,(anonymous_16)
FNDA:2,(anonymous_17)
FNDA:0,(anonymous_20)
FNDA:1,(anonymous_21)
FNDA:0,(anonymous_22)
FNDA:0,(anonymous_23)
FNDA:0,(anonymous_24)
FNDA:0,(anonymous_25)
FNDA:0,(anonymous_26)
FNDA:0,(anonymous_27)
DA:1,1
DA:3,1
DA:4,1
DA:8,1
DA:9,1
DA:10,1
DA:12,1
DA:14,2
DA:15,1
DA:18,1
DA:19,1
DA:22,1
DA:23,0
DA:26,1
DA:27,0
DA:29,0
DA:30,0
DA:31,0
DA:37,0
DA:38,0
DA:42,1
DA:52,0
DA:56,0
DA:67,1
LF:24
LH:15
BRDA:15,0,0,1
BRDA:30,1,0,0
BRF:2
BRH:1
end_of_record
TN:
SF:src\services\backend-service.ts
FN:4,(anonymous_14)
FN:5,(anonymous_16)
FN:10,(anonymous_19)
FN:12,(anonymous_20)
FN:23,(anonymous_22)
FN:28,(anonymous_23)
FNF:6
FNH:2
FNDA:2,(anonymous_14)
FNDA:2,(anonymous_16)
FNDA:0,(anonymous_19)
FNDA:0,(anonymous_20)
FNDA:0,(anonymous_22)
FNDA:0,(anonymous_23)
DA:1,1
DA:2,1
DA:4,2
DA:5,1
DA:6,1
DA:10,1
DA:12,0
DA:14,0
DA:18,0
DA:23,1
DA:28,0
DA:30,0
DA:39,1
DA:41,1
DA:44,1
LF:15
LH:10
BRDA:6,0,0,1
BRDA:6,0,1,0
BRDA:18,1,0,0
BRDA:30,2,0,0
BRDA:30,2,1,0
BRF:5
BRH:1
end_of_record
