TN:
SF:assets.d.ts
FNF:0
FNH:0
LF:0
LH:0
BRF:0
BRH:0
end_of_record
TN:
SF:setupTests.ts
FNF:0
FNH:0
DA:5,0
LF:1
LH:0
BRF:0
BRH:0
end_of_record
TN:
SF:src\App.tsx
FN:6,App
FN:9,(anonymous_4)
FN:11,(anonymous_5)
FNF:3
FNH:0
FNDA:0,App
FNDA:0,(anonymous_4)
FNDA:0,(anonymous_5)
DA:1,0
DA:2,0
DA:3,0
DA:4,0
DA:7,0
DA:9,0
DA:10,0
DA:11,0
DA:12,0
DA:16,0
DA:23,0
LF:11
LH:0
BRDA:18,0,0,0
BRDA:18,0,1,0
BRF:2
BRH:0
end_of_record
TN:
SF:src\index.tsx
FNF:0
FNH:0
DA:1,0
DA:2,0
DA:3,0
DA:4,0
DA:5,0
DA:7,0
DA:9,0
LF:7
LH:0
BRF:0
BRH:0
end_of_record
TN:
SF:src\components\Home.tsx
FN:5,(anonymous_2)
FNF:1
FNH:0
FNDA:0,(anonymous_2)
DA:1,0
DA:2,0
DA:3,0
DA:5,0
DA:38,0
LF:5
LH:0
BRF:0
BRH:0
end_of_record
TN:
SF:src\components\QuestionCard.tsx
FN:12,(anonymous_2)
FN:26,(anonymous_3)
FNF:2
FNH:0
FNDA:0,(anonymous_2)
FNDA:0,(anonymous_3)
DA:12,0
DA:13,0
DA:14,0
DA:15,0
DA:16,0
DA:17,0
DA:18,0
DA:19,0
DA:26,0
DA:37,0
LF:10
LH:0
BRF:0
BRH:0
end_of_record
TN:
SF:src\components\Router.tsx
FN:3,withRouter
FN:4,ComponentWithRouterProp
FNF:2
FNH:0
FNDA:0,withRouter
FNDA:0,ComponentWithRouterProp
DA:1,0
DA:5,0
DA:6,0
DA:7,0
DA:8,0
DA:11,0
DA:14,0
LF:7
LH:0
BRF:0
BRH:0
end_of_record
TN:
SF:src\components\DropDownMenu\DropDownMenu.tsx
FN:13,(anonymous_2)
FN:35,(anonymous_3)
FNF:2
FNH:2
FNDA:9,(anonymous_2)
FNDA:27,(anonymous_3)
DA:1,2
DA:13,2
DA:14,9
DA:15,9
DA:16,9
DA:18,9
DA:35,27
DA:54,2
LF:8
LH:8
BRF:0
BRH:0
end_of_record
TN:
SF:src\components\LoadingClock\LoadingClock.tsx
FN:7,(anonymous_1)
FNF:1
FNH:1
FNDA:2,(anonymous_1)
DA:1,2
DA:7,2
DA:8,2
DA:11,2
LF:4
LH:4
BRF:0
BRH:0
end_of_record
TN:
SF:src\components\TextInput\TextInput.tsx
FN:11,(anonymous_2)
FN:20,(anonymous_3)
FNF:2
FNH:0
FNDA:0,(anonymous_2)
FNDA:0,(anonymous_3)
DA:1,0
DA:11,0
DA:12,0
DA:13,0
DA:14,0
DA:15,0
DA:16,0
DA:18,0
DA:20,0
DA:21,0
DA:22,0
DA:24,0
LF:12
LH:0
BRDA:30,0,0,0
BRDA:30,0,1,0
BRF:2
BRH:0
end_of_record
TN:
SF:src\components\TitleBar\TitleBar.tsx
FN:10,(anonymous_3)
FNF:1
FNH:1
FNDA:4,(anonymous_3)
DA:1,2
DA:2,2
DA:3,2
DA:4,2
DA:5,2
DA:6,2
DA:7,2
DA:8,2
DA:10,4
DA:11,4
DA:41,2
LF:11
LH:11
BRF:0
BRH:0
end_of_record
TN:
SF:src\components\TitleBar\TitleBarDropDown.tsx
FN:7,(anonymous_3)
FN:15,(anonymous_4)
FN:21,(anonymous_5)
FN:27,(anonymous_6)
FN:33,(anonymous_7)
FN:41,(anonymous_8)
FNF:6
FNH:6
FNDA:9,(anonymous_3)
FNDA:1,(anonymous_4)
FNDA:1,(anonymous_5)
FNDA:1,(anonymous_6)
FNDA:5,(anonymous_7)
FNDA:5,(anonymous_8)
DA:1,2
DA:2,2
DA:3,2
DA:4,2
DA:5,2
DA:7,2
DA:8,9
DA:10,9
DA:12,9
DA:16,1
DA:22,1
DA:28,1
DA:33,9
DA:34,5
DA:35,2
DA:37,3
DA:41,9
DA:42,5
DA:45,9
DA:65,2
LF:20
LH:20
BRDA:34,0,0,2
BRDA:34,0,1,3
BRF:2
BRH:2
end_of_record
TN:
SF:src\components\popups\HelpPopUp.tsx
FN:3,(anonymous_2)
FNF:1
FNH:1
FNDA:16,(anonymous_2)
DA:1,2
DA:3,16
DA:4,16
DA:5,3
DA:21,2
LF:5
LH:5
BRDA:4,0,0,13
BRF:1
BRH:1
end_of_record
TN:
SF:src\components\popups\LogoutPopUp.tsx
FN:6,(anonymous_2)
FN:9,(anonymous_3)
FNF:2
FNH:2
FNDA:17,(anonymous_2)
FNDA:1,(anonymous_3)
DA:2,2
DA:4,2
DA:6,17
DA:7,17
DA:9,17
DA:10,1
DA:13,17
DA:14,4
DA:28,2
LF:9
LH:9
BRDA:13,0,0,13
BRF:1
BRH:1
end_of_record
TN:
SF:src\components\popups\ScenarioPopUp.tsx
FN:5,(anonymous_2)
FN:8,(anonymous_3)
FN:13,(anonymous_4)
FN:18,(anonymous_5)
FN:23,(anonymous_6)
FNF:5
FNH:2
FNDA:17,(anonymous_2)
FNDA:1,(anonymous_3)
FNDA:0,(anonymous_4)
FNDA:0,(anonymous_5)
FNDA:0,(anonymous_6)
DA:1,2
DA:3,2
DA:5,17
DA:6,17
DA:8,17
DA:9,1
DA:10,1
DA:13,17
DA:15,0
DA:18,17
DA:20,0
DA:23,17
DA:25,0
DA:28,17
DA:29,4
DA:51,2
LF:16
LH:13
BRDA:28,0,0,13
BRF:1
BRH:1
end_of_record
TN:
SF:src\components\popups\SettingsPopUp.tsx
FN:5,(anonymous_2)
FN:8,(anonymous_3)
FN:11,(anonymous_4)
FN:28,(anonymous_5)
FNF:4
FNH:2
FNDA:16,(anonymous_2)
FNDA:0,(anonymous_3)
FNDA:66,(anonymous_4)
FNDA:0,(anonymous_5)
DA:1,2
DA:3,2
DA:5,16
DA:6,16
DA:7,16
DA:8,16
DA:9,0
DA:11,16
DA:12,66
DA:13,0
DA:16,16
DA:18,16
DA:19,3
DA:28,0
DA:50,2
LF:15
LH:12
BRDA:12,0,0,0
BRDA:12,1,0,66
BRDA:12,1,1,0
BRDA:12,2,0,0
BRDA:12,2,1,0
BRDA:12,3,0,0
BRDA:12,3,1,0
BRDA:18,4,0,13
BRDA:32,5,0,3
BRDA:32,5,1,0
BRF:10
BRH:3
end_of_record
TN:
SF:src\components\quiz\Play.tsx
FN:41,(anonymous_15)
FN:50,Play
FN:94,(anonymous_17)
FN:116,(anonymous_18)
FN:124,(anonymous_19)
FN:126,(anonymous_20)
FN:131,(anonymous_21)
FN:138,(anonymous_22)
FN:142,(anonymous_23)
FN:145,(anonymous_24)
FN:157,(anonymous_25)
FN:161,(anonymous_26)
FN:164,(anonymous_27)
FN:176,(anonymous_28)
FN:183,(anonymous_29)
FN:202,(anonymous_30)
FN:206,(anonymous_31)
FN:213,(anonymous_32)
FN:219,(anonymous_33)
FN:234,(anonymous_34)
FN:242,(anonymous_35)
FN:247,(anonymous_36)
FN:262,(anonymous_37)
FN:265,(anonymous_38)
FN:274,(anonymous_39)
FN:279,(anonymous_40)
FN:293,(anonymous_42)
FN:296,(anonymous_43)
FN:310,(anonymous_44)
FN:316,(anonymous_45)
FN:351,(anonymous_46)
FN:356,(anonymous_47)
FN:363,(anonymous_48)
FN:365,(anonymous_49)
FN:381,(anonymous_50)
FN:397,(anonymous_51)
FN:425,(anonymous_52)
FN:437,(anonymous_53)
FN:78,(anonymous_54)
FN:90,(anonymous_55)
FN:443,(anonymous_56)
FNF:41
FNH:0
FNDA:0,(anonymous_15)
FNDA:0,Play
FNDA:0,(anonymous_17)
FNDA:0,(anonymous_18)
FNDA:0,(anonymous_19)
FNDA:0,(anonymous_20)
FNDA:0,(anonymous_21)
FNDA:0,(anonymous_22)
FNDA:0,(anonymous_23)
FNDA:0,(anonymous_24)
FNDA:0,(anonymous_25)
FNDA:0,(anonymous_26)
FNDA:0,(anonymous_27)
FNDA:0,(anonymous_28)
FNDA:0,(anonymous_29)
FNDA:0,(anonymous_30)
FNDA:0,(anonymous_31)
FNDA:0,(anonymous_32)
FNDA:0,(anonymous_33)
FNDA:0,(anonymous_34)
FNDA:0,(anonymous_35)
FNDA:0,(anonymous_36)
FNDA:0,(anonymous_37)
FNDA:0,(anonymous_38)
FNDA:0,(anonymous_39)
FNDA:0,(anonymous_40)
FNDA:0,(anonymous_42)
FNDA:0,(anonymous_43)
FNDA:0,(anonymous_44)
FNDA:0,(anonymous_45)
FNDA:0,(anonymous_46)
FNDA:0,(anonymous_47)
FNDA:0,(anonymous_48)
FNDA:0,(anonymous_49)
FNDA:0,(anonymous_50)
FNDA:0,(anonymous_51)
FNDA:0,(anonymous_52)
FNDA:0,(anonymous_53)
FNDA:0,(anonymous_54)
FNDA:0,(anonymous_55)
FNDA:0,(anonymous_56)
DA:1,0
DA:2,0
DA:3,0
DA:4,0
DA:5,0
DA:6,0
DA:7,0
DA:8,0
DA:9,0
DA:10,0
DA:11,0
DA:41,0
DA:51,0
DA:52,0
DA:72,0
DA:73,0
DA:74,0
DA:75,0
DA:78,0
DA:79,0
DA:80,0
DA:81,0
DA:87,0
DA:90,0
DA:91,0
DA:94,0
DA:95,0
DA:100,0
DA:101,0
DA:102,0
DA:103,0
DA:104,0
DA:105,0
DA:106,0
DA:107,0
DA:117,0
DA:118,0
DA:124,0
DA:125,0
DA:126,0
DA:127,0
DA:129,0
DA:131,0
DA:132,0
DA:134,0
DA:138,0
DA:139,0
DA:140,0
DA:141,0
DA:142,0
DA:146,0
DA:157,0
DA:158,0
DA:159,0
DA:160,0
DA:161,0
DA:165,0
DA:176,0
DA:177,0
DA:178,0
DA:179,0
DA:183,0
DA:184,0
DA:186,0
DA:187,0
DA:190,0
DA:191,0
DA:194,0
DA:195,0
DA:198,0
DA:202,0
DA:203,0
DA:206,0
DA:207,0
DA:212,0
DA:213,0
DA:220,0
DA:221,0
DA:223,0
DA:234,0
DA:235,0
DA:236,0
DA:241,0
DA:242,0
DA:248,0
DA:249,0
DA:251,0
DA:262,0
DA:263,0
DA:265,0
DA:266,0
DA:269,0
DA:274,0
DA:275,0
DA:276,0
DA:279,0
DA:280,0
DA:283,0
DA:287,0
DA:288,0
DA:289,0
DA:293,0
DA:294,0
DA:295,0
DA:296,0
DA:305,0
DA:310,0
DA:311,0
DA:312,0
DA:313,0
DA:316,0
DA:317,0
DA:320,0
DA:324,0
DA:325,0
DA:326,0
DA:327,0
DA:328,0
DA:333,0
DA:334,0
DA:336,0
DA:337,0
DA:338,0
DA:342,0
DA:343,0
DA:344,0
DA:351,0
DA:352,0
DA:353,0
DA:356,0
DA:363,0
DA:364,0
DA:365,0
DA:366,0
DA:367,0
DA:369,0
DA:370,0
DA:372,0
DA:373,0
DA:374,0
DA:382,0
DA:386,0
DA:397,0
DA:398,0
DA:402,0
DA:406,0
DA:411,0
DA:415,0
DA:419,0
DA:425,0
DA:426,0
DA:427,0
DA:428,0
DA:437,0
DA:438,0
DA:439,0
DA:443,0
DA:445,0
DA:446,0
DA:447,0
DA:448,0
DA:449,0
DA:450,0
DA:451,0
DA:453,0
DA:544,0
DA:546,0
LF:167
LH:0
BRDA:51,0,0,0
BRDA:51,0,1,0
BRDA:95,1,0,0
BRDA:101,2,0,0
BRDA:125,3,0,0
BRDA:125,3,1,0
BRDA:140,4,0,0
BRDA:159,5,0,0
BRDA:178,6,0,0
BRDA:184,7,0,0
BRDA:184,7,1,0
BRDA:184,7,2,0
BRDA:184,7,3,0
BRDA:220,8,0,0
BRDA:220,8,1,0
BRDA:248,9,0,0
BRDA:248,9,1,0
BRDA:275,10,0,0
BRDA:280,11,0,0
BRDA:289,12,0,0
BRDA:290,13,0,0
BRDA:290,13,1,0
BRDA:294,14,0,0
BRDA:305,15,0,0
BRDA:311,16,0,0
BRDA:311,17,0,0
BRDA:311,17,1,0
BRDA:317,18,0,0
BRDA:327,19,0,0
BRDA:328,20,0,0
BRDA:328,20,1,0
BRDA:329,21,0,0
BRDA:329,21,1,0
BRDA:329,21,2,0
BRDA:338,22,0,0
BRDA:339,23,0,0
BRDA:339,23,1,0
BRDA:352,24,0,0
BRDA:372,25,0,0
BRDA:372,25,1,0
BRDA:398,26,0,0
BRDA:398,26,1,0
BRDA:399,27,0,0
BRDA:399,27,1,0
BRDA:411,28,0,0
BRDA:411,28,1,0
BRDA:412,29,0,0
BRDA:412,29,1,0
BRF:48
BRH:0
end_of_record
TN:
SF:src\components\quiz\QuizInstructions.tsx
FN:5,(anonymous_2)
FNF:1
FNH:0
FNDA:0,(anonymous_2)
DA:1,0
DA:2,0
DA:3,0
DA:5,0
DA:66,0
LF:5
LH:0
BRF:0
BRH:0
end_of_record
TN:
SF:src\components\quiz\QuizSummary.tsx
FN:22,(anonymous_9)
FN:23,QuizSummary
FN:36,(anonymous_11)
FN:52,(anonymous_12)
FNF:4
FNH:0
FNDA:0,(anonymous_9)
FNDA:0,QuizSummary
FNDA:0,(anonymous_11)
FNDA:0,(anonymous_12)
DA:1,0
DA:2,0
DA:3,0
DA:4,0
DA:22,0
DA:24,0
DA:25,0
DA:36,0
DA:37,0
DA:38,0
DA:39,0
DA:40,0
DA:52,0
DA:53,0
DA:55,0
DA:57,0
DA:58,0
DA:59,0
DA:60,0
DA:61,0
DA:62,0
DA:63,0
DA:64,0
DA:66,0
DA:69,0
DA:70,0
DA:111,0
DA:125,0
DA:134,0
DA:136,0
LF:30
LH:0
BRDA:24,0,0,0
BRDA:24,0,1,0
BRDA:39,1,0,0
BRDA:57,2,0,0
BRDA:57,2,1,0
BRDA:59,3,0,0
BRDA:59,3,1,0
BRDA:59,4,0,0
BRDA:59,4,1,0
BRDA:61,5,0,0
BRDA:61,5,1,0
BRDA:61,6,0,0
BRDA:61,6,1,0
BRDA:63,7,0,0
BRDA:63,7,1,0
BRDA:63,8,0,0
BRDA:63,8,1,0
BRDA:69,9,0,0
BRDA:69,9,1,0
BRF:19
BRH:0
end_of_record
TN:
SF:src\components\quiz\Test.tsx
FN:4,(anonymous_1)
FNF:1
FNH:0
FNDA:0,(anonymous_1)
DA:1,0
DA:2,0
DA:4,0
DA:5,0
DA:6,0
DA:7,0
DA:14,0
LF:7
LH:0
BRF:0
BRH:0
end_of_record
TN:
SF:src\config\constants.ts
FNF:0
FNH:0
DA:2,2
DA:4,2
LF:2
LH:2
BRF:0
BRH:0
end_of_record
TN:
SF:src\config\routes.tsx
FNF:0
FNH:0
DA:1,0
DA:2,0
DA:3,0
DA:4,0
DA:5,0
DA:6,0
DA:7,0
DA:9,0
DA:52,0
LF:9
LH:0
BRF:0
BRH:0
end_of_record
TN:
SF:src\pages\Home.tsx
FN:8,(anonymous_3)
FN:18,(anonymous_4)
FN:20,(anonymous_5)
FN:23,(anonymous_6)
FN:27,(anonymous_7)
FN:34,(anonymous_8)
FN:41,(anonymous_9)
FN:45,(anonymous_10)
FN:49,(anonymous_11)
FNF:9
FNH:9
FNDA:14,(anonymous_3)
FNDA:1,(anonymous_4)
FNDA:1,(anonymous_5)
FNDA:1,(anonymous_6)
FNDA:1,(anonymous_7)
FNDA:1,(anonymous_8)
FNDA:1,(anonymous_9)
FNDA:1,(anonymous_10)
FNDA:1,(anonymous_11)
DA:1,1
DA:2,1
DA:3,1
DA:4,1
DA:5,1
DA:6,1
DA:8,1
DA:9,14
DA:10,14
DA:11,14
DA:12,14
DA:14,14
DA:18,1
DA:20,1
DA:23,1
DA:27,1
DA:35,1
DA:41,1
DA:45,1
DA:49,1
DA:57,1
LF:21
LH:21
BRF:0
BRH:0
end_of_record
TN:
SF:src\pages\Login.tsx
FN:6,(anonymous_3)
FN:12,(anonymous_4)
FN:16,(anonymous_5)
FN:18,(anonymous_6)
FN:24,(anonymous_7)
FN:37,(anonymous_8)
FN:47,(anonymous_9)
FNF:7
FNH:7
FNDA:5,(anonymous_3)
FNDA:1,(anonymous_4)
FNDA:1,(anonymous_5)
FNDA:1,(anonymous_6)
FNDA:1,(anonymous_7)
FNDA:1,(anonymous_8)
FNDA:1,(anonymous_9)
DA:1,1
DA:2,1
DA:3,1
DA:6,1
DA:7,5
DA:8,5
DA:10,5
DA:12,5
DA:13,1
DA:16,5
DA:17,1
DA:19,1
DA:20,0
DA:21,0
DA:25,1
DA:26,1
DA:30,5
DA:37,1
DA:47,1
DA:67,1
LF:20
LH:18
BRDA:20,0,0,0
BRF:1
BRH:0
end_of_record
TN:
SF:src\pages\Register.tsx
FN:6,(anonymous_16)
FN:15,(anonymous_17)
FN:23,(anonymous_20)
FN:27,(anonymous_21)
FN:33,(anonymous_22)
FN:47,(anonymous_23)
FN:56,(anonymous_24)
FN:64,(anonymous_25)
FN:75,(anonymous_26)
FN:83,(anonymous_27)
FNF:10
FNH:1
FNDA:1,(anonymous_16)
FNDA:0,(anonymous_17)
FNDA:0,(anonymous_20)
FNDA:0,(anonymous_21)
FNDA:0,(anonymous_22)
FNDA:0,(anonymous_23)
FNDA:0,(anonymous_24)
FNDA:0,(anonymous_25)
FNDA:0,(anonymous_26)
FNDA:0,(anonymous_27)
DA:1,1
DA:2,1
DA:3,1
DA:4,1
DA:6,1
DA:7,1
DA:8,1
DA:9,1
DA:10,1
DA:11,1
DA:13,1
DA:15,1
DA:16,0
DA:24,0
DA:25,0
DA:28,0
DA:29,0
DA:33,1
DA:34,0
DA:37,1
DA:47,0
DA:56,0
DA:64,0
DA:75,0
DA:83,0
DA:101,1
LF:26
LH:15
BRDA:16,0,0,0
BRF:1
BRH:0
end_of_record
TN:
SF:src\pages\Splash.tsx
FN:1,(anonymous_0)
FNF:1
FNH:0
FNDA:0,(anonymous_0)
DA:1,0
DA:2,0
DA:5,0
LF:3
LH:0
BRF:0
BRH:0
end_of_record
TN:
SF:src\services\backend-service.ts
FN:4,(anonymous_14)
FN:5,(anonymous_16)
FN:9,(anonymous_19)
FN:9,(anonymous_20)
FN:19,(anonymous_22)
FN:24,(anonymous_23)
FNF:6
FNH:3
FNDA:4,(anonymous_14)
FNDA:0,(anonymous_16)
FNDA:1,(anonymous_19)
FNDA:1,(anonymous_20)
FNDA:0,(anonymous_22)
FNDA:0,(anonymous_23)
DA:1,2
DA:2,2
DA:4,4
DA:5,2
DA:6,0
DA:9,2
DA:10,1
DA:14,1
DA:19,2
DA:24,0
DA:26,0
DA:34,2
DA:36,2
DA:39,2
LF:14
LH:11
BRDA:6,0,0,0
BRDA:6,0,1,0
BRDA:14,1,0,1
BRDA:26,2,0,0
BRDA:26,2,1,0
BRF:5
BRH:1
end_of_record
